<?xml version="1.0" encoding="UTF-8"?>
<testsuite xmlns:xsi="http://www.w3.org/2001/XMLSchema-instance" xsi:noNamespaceSchemaLocation="https://maven.apache.org/surefire/maven-surefire-plugin/xsd/surefire-test-report-3.0.xsd" version="3.0" name="com.mycompany.syos.system.service.AuthServiceTest" time="0.043" tests="2" errors="0" skipped="0" failures="0">
  <properties>
    <property name="netbeans.deploy" value="true"/>
    <property name="java.specification.version" value="21"/>
    <property name="sun.cpu.isalist" value="amd64"/>
    <property name="sun.jnu.encoding" value="Cp1252"/>
    <property name="java.class.path" value="E:\cccp2backupat12thdec\Webproject\CB010982\SYOS-System\target\test-classes;E:\cccp2backupat12thdec\Webproject\CB010982\SYOS-System\target\classes;C:\Users\User\.m2\repository\com\mysql\mysql-connector-j\8.0.33\mysql-connector-j-8.0.33.jar;C:\Users\User\.m2\repository\com\google\protobuf\protobuf-java\3.21.9\protobuf-java-3.21.9.jar;C:\Users\User\.m2\repository\junit\junit\4.13.2\junit-4.13.2.jar;C:\Users\User\.m2\repository\org\hamcrest\hamcrest-core\1.3\hamcrest-core-1.3.jar;C:\Users\User\.m2\repository\org\junit\jupiter\junit-jupiter-api\5.8.2\junit-jupiter-api-5.8.2.jar;C:\Users\User\.m2\repository\org\opentest4j\opentest4j\1.2.0\opentest4j-1.2.0.jar;C:\Users\User\.m2\repository\org\junit\platform\junit-platform-commons\1.8.2\junit-platform-commons-1.8.2.jar;C:\Users\User\.m2\repository\org\apiguardian\apiguardian-api\1.1.2\apiguardian-api-1.1.2.jar;C:\Users\User\.m2\repository\org\junit\jupiter\junit-jupiter-engine\5.8.2\junit-jupiter-engine-5.8.2.jar;C:\Users\User\.m2\repository\org\junit\platform\junit-platform-engine\1.8.2\junit-platform-engine-1.8.2.jar;C:\Users\User\.m2\repository\org\mockito\mockito-core\5.0.0\mockito-core-5.0.0.jar;C:\Users\User\.m2\repository\net\bytebuddy\byte-buddy-agent\1.12.22\byte-buddy-agent-1.12.22.jar;C:\Users\User\.m2\repository\org\objenesis\objenesis\3.3\objenesis-3.3.jar;C:\Users\User\.m2\repository\net\bytebuddy\byte-buddy\1.15.1\byte-buddy-1.15.1.jar;C:\Users\User\.m2\repository\jakarta\servlet\jakarta.servlet-api\5.0.0\jakarta.servlet-api-5.0.0.jar;C:\Users\User\.m2\repository\javax\servlet\jsp\javax.servlet.jsp-api\2.3.3\javax.servlet.jsp-api-2.3.3.jar;C:\Users\User\.m2\repository\com\google\code\gson\gson\2.8.9\gson-2.8.9.jar;C:\Users\User\.m2\repository\com\zaxxer\HikariCP\6.2.1\HikariCP-6.2.1.jar;C:\Users\User\.m2\repository\org\slf4j\slf4j-api\1.7.36\slf4j-api-1.7.36.jar;C:\Users\User\.m2\repository\javax\servlet\javax.servlet-api\4.0.1\javax.servlet-api-4.0.1.jar;C:\Users\User\.m2\repository\com\mycompany\database_syos\1.0-SNAPSHOT\database_syos-1.0-SNAPSHOT.jar;C:\Users\User\.m2\repository\jakarta\servlet\jsp\jstl\jakarta.servlet.jsp.jstl-api\2.0.0\jakarta.servlet.jsp.jstl-api-2.0.0.jar;C:\Users\User\.m2\repository\jakarta\el\jakarta.el-api\4.0.0\jakarta.el-api-4.0.0.jar;C:\Users\User\.m2\repository\jakarta\xml\bind\jakarta.xml.bind-api\3.0.0\jakarta.xml.bind-api-3.0.0.jar;C:\Users\User\.m2\repository\com\sun\activation\jakarta.activation\2.0.0\jakarta.activation-2.0.0.jar;C:\Users\User\.m2\repository\org\glassfish\web\jakarta.servlet.jsp.jstl\2.0.0\jakarta.servlet.jsp.jstl-2.0.0.jar;"/>
    <property name="java.vm.vendor" value="Oracle Corporation"/>
    <property name="net.bytebuddy.experimental" value="true"/>
    <property name="sun.arch.data.model" value="64"/>
    <property name="user.variant" value=""/>
    <property name="exec.appArgs" value=""/>
    <property name="java.vendor.url" value="https://java.oracle.com/"/>
    <property name="user.timezone" value="Asia/Colombo"/>
    <property name="os.name" value="Windows 11"/>
    <property name="java.vm.specification.version" value="21"/>
    <property name="user.country" value="US"/>
    <property name="sun.java.launcher" value="SUN_STANDARD"/>
    <property name="sun.boot.library.path" value="C:\Program Files\Java\jdk-21\bin"/>
    <property name="sun.java.command" value="C:\Users\User\AppData\Local\Temp\surefire8098583392740351775\surefirebooter13505099897906818140.jar C:\Users\User\AppData\Local\Temp\surefire8098583392740351775 2025-02-06T18-38-13_029-jvmRun1 surefire12045500294616979000tmp surefire_08379831163266398947tmp"/>
    <property name="jdk.debug" value="release"/>
    <property name="exec.vmArgs" value=""/>
    <property name="surefire.test.class.path" value="E:\cccp2backupat12thdec\Webproject\CB010982\SYOS-System\target\test-classes;E:\cccp2backupat12thdec\Webproject\CB010982\SYOS-System\target\classes;C:\Users\User\.m2\repository\com\mysql\mysql-connector-j\8.0.33\mysql-connector-j-8.0.33.jar;C:\Users\User\.m2\repository\com\google\protobuf\protobuf-java\3.21.9\protobuf-java-3.21.9.jar;C:\Users\User\.m2\repository\junit\junit\4.13.2\junit-4.13.2.jar;C:\Users\User\.m2\repository\org\hamcrest\hamcrest-core\1.3\hamcrest-core-1.3.jar;C:\Users\User\.m2\repository\org\junit\jupiter\junit-jupiter-api\5.8.2\junit-jupiter-api-5.8.2.jar;C:\Users\User\.m2\repository\org\opentest4j\opentest4j\1.2.0\opentest4j-1.2.0.jar;C:\Users\User\.m2\repository\org\junit\platform\junit-platform-commons\1.8.2\junit-platform-commons-1.8.2.jar;C:\Users\User\.m2\repository\org\apiguardian\apiguardian-api\1.1.2\apiguardian-api-1.1.2.jar;C:\Users\User\.m2\repository\org\junit\jupiter\junit-jupiter-engine\5.8.2\junit-jupiter-engine-5.8.2.jar;C:\Users\User\.m2\repository\org\junit\platform\junit-platform-engine\1.8.2\junit-platform-engine-1.8.2.jar;C:\Users\User\.m2\repository\org\mockito\mockito-core\5.0.0\mockito-core-5.0.0.jar;C:\Users\User\.m2\repository\net\bytebuddy\byte-buddy-agent\1.12.22\byte-buddy-agent-1.12.22.jar;C:\Users\User\.m2\repository\org\objenesis\objenesis\3.3\objenesis-3.3.jar;C:\Users\User\.m2\repository\net\bytebuddy\byte-buddy\1.15.1\byte-buddy-1.15.1.jar;C:\Users\User\.m2\repository\jakarta\servlet\jakarta.servlet-api\5.0.0\jakarta.servlet-api-5.0.0.jar;C:\Users\User\.m2\repository\javax\servlet\jsp\javax.servlet.jsp-api\2.3.3\javax.servlet.jsp-api-2.3.3.jar;C:\Users\User\.m2\repository\com\google\code\gson\gson\2.8.9\gson-2.8.9.jar;C:\Users\User\.m2\repository\com\zaxxer\HikariCP\6.2.1\HikariCP-6.2.1.jar;C:\Users\User\.m2\repository\org\slf4j\slf4j-api\1.7.36\slf4j-api-1.7.36.jar;C:\Users\User\.m2\repository\javax\servlet\javax.servlet-api\4.0.1\javax.servlet-api-4.0.1.jar;C:\Users\User\.m2\repository\com\mycompany\database_syos\1.0-SNAPSHOT\database_syos-1.0-SNAPSHOT.jar;C:\Users\User\.m2\repository\jakarta\servlet\jsp\jstl\jakarta.servlet.jsp.jstl-api\2.0.0\jakarta.servlet.jsp.jstl-api-2.0.0.jar;C:\Users\User\.m2\repository\jakarta\el\jakarta.el-api\4.0.0\jakarta.el-api-4.0.0.jar;C:\Users\User\.m2\repository\jakarta\xml\bind\jakarta.xml.bind-api\3.0.0\jakarta.xml.bind-api-3.0.0.jar;C:\Users\User\.m2\repository\com\sun\activation\jakarta.activation\2.0.0\jakarta.activation-2.0.0.jar;C:\Users\User\.m2\repository\org\glassfish\web\jakarta.servlet.jsp.jstl\2.0.0\jakarta.servlet.jsp.jstl-2.0.0.jar;"/>
    <property name="sun.cpu.endian" value="little"/>
    <property name="user.home" value="C:\Users\User"/>
    <property name="user.language" value="en"/>
    <property name="java.specification.vendor" value="Oracle Corporation"/>
    <property name="java.version.date" value="2023-10-17"/>
    <property name="java.home" value="C:\Program Files\Java\jdk-21"/>
    <property name="file.separator" value="\"/>
    <property name="basedir" value="E:\cccp2backupat12thdec\Webproject\CB010982\SYOS-System"/>
    <property name="java.vm.compressedOopsMode" value="Zero based"/>
    <property name="line.separator" value="&#10;"/>
    <property name="java.vm.specification.vendor" value="Oracle Corporation"/>
    <property name="java.specification.name" value="Java Platform API Specification"/>
    <property name="surefire.real.class.path" value="C:\Users\User\AppData\Local\Temp\surefire8098583392740351775\surefirebooter13505099897906818140.jar"/>
    <property name="user.script" value=""/>
    <property name="sun.management.compiler" value="HotSpot 64-Bit Tiered Compilers"/>
    <property name="java.runtime.version" value="21.0.1+12-LTS-29"/>
    <property name="user.name" value="User"/>
    <property name="stdout.encoding" value="Cp1252"/>
    <property name="path.separator" value=";"/>
    <property name="os.version" value="10.0"/>
    <property name="java.runtime.name" value="Java(TM) SE Runtime Environment"/>
    <property name="file.encoding" value="UTF-8"/>
    <property name="java.vm.name" value="Java HotSpot(TM) 64-Bit Server VM"/>
    <property name="maven.ext.class.path" value="C:\Program Files\NetBeans-19\netbeans\java\maven-nblib\netbeans-eventspy.jar"/>
    <property name="localRepository" value="C:\Users\User\.m2\repository"/>
    <property name="java.vendor.url.bug" value="https://bugreport.java.com/bugreport/"/>
    <property name="java.io.tmpdir" value="C:\Users\User\AppData\Local\Temp\"/>
    <property name="java.version" value="21.0.1"/>
    <property name="user.dir" value="E:\cccp2backupat12thdec\Webproject\CB010982\SYOS-System"/>
    <property name="os.arch" value="amd64"/>
    <property name="java.vm.specification.name" value="Java Virtual Machine Specification"/>
    <property name="sun.os.patch.level" value=""/>
    <property name="native.encoding" value="Cp1252"/>
    <property name="java.library.path" value="C:\Program Files\Java\jdk-21\bin;C:\WINDOWS\Sun\Java\bin;C:\WINDOWS\system32;C:\WINDOWS;C:\Program Files\Python311\Scripts\;C:\Program Files\Python311\;C:\Program Files\Common Files\Oracle\Java\javapath;D:\oracleinstall\Oracle\bin;C:\Windows\system32;C:\Windows;C:\Windows\System32\Wbem;C:\Windows\System32\WindowsPowerShell\v1.0\;C:\Windows\System32\OpenSSH\;C:\Program Files (x86)\NVIDIA Corporation\PhysX\Common;C:\Program Files\NVIDIA Corporation\NVIDIA NvDLISR;D:\XAMPP New Version\php;C:\ProgramData\ComposerSetup\bin;D:\Node.js\;C:\Program Files\Apache\Maven\apache-maven-3.9.9\bin;C:\Program Files\Java\jdk-21\bin;C:\WINDOWS\system32;C:\WINDOWS;C:\WINDOWS\System32\Wbem;C:\WINDOWS\System32\WindowsPowerShell\v1.0\;C:\WINDOWS\System32\OpenSSH\;D:\Git\cmd;C:\Users\User\AppData\Local\Programs\Python\Launcher\;C:\Users\User\AppData\Local\Microsoft\WindowsApps;C:\Users\User\AppData\Local\Programs\Microsoft VS Code\bin;C:\Users\User\AppData\Roaming\Composer\vendor\bin;C:\flutter\bin;C:\Users\User\AppData\Roaming\npm;;."/>
    <property name="java.vm.info" value="mixed mode, sharing"/>
    <property name="stderr.encoding" value="Cp1252"/>
    <property name="java.vendor" value="Oracle Corporation"/>
    <property name="java.vm.version" value="21.0.1+12-LTS-29"/>
    <property name="sun.io.unicode.encoding" value="UnicodeLittle"/>
    <property name="java.class.version" value="65.0"/>
  </properties>
  <testcase name="should_ReturnNull_When_InvalidCredentialsProvided" classname="com.mycompany.syos.system.service.AuthServiceTest" time="0.037">
    <system-out><![CDATA[Enter your username:
Enter your password:
Invalid username or password.
]]></system-out>
  </testcase>
  <testcase name="should_CreateManager_When_RoleIsManager" classname="com.mycompany.syos.system.service.AuthServiceTest" time="0.004">
    <system-out><![CDATA[Enter your username:
Enter your password:
]]></system-out>
  </testcase>
</testsuite>